2026-02-13T04:22:30+00:00 WARNING Product feed scheduling failed: Integration not configured. : {"flow_name":"product_feed","flow_step":"schedule_feed_generation"}
2026-02-13T04:22:30+00:00 WARNING Language override feed scheduling failed: Integration not configured. : {"flow_name":"language_override_feed","flow_step":"schedule_feed_generation"}
2026-02-13T04:22:30+00:00 ERROR Error persisting error logs: No se puede crear la instancia de la API porque falta el token de acceso. : []
2026-02-13T04:22:30+00:00 NOTICE Unable to detect valid feed configuration: No catalog ID
2026-02-13T04:22:30+00:00 NOTICE There was an error trying to get product set data in a catalog: No se puede crear la instancia de la API porque falta el token de acceso.
2026-02-13T04:22:30+00:00 ERROR ProductSetSync exception: exception_code : 0; exception_class : WooCommerce\Facebook\Framework\Api\Exception: exception_message : No se puede crear la instancia de la API porque falta el token de acceso.; exception_trace : #0 C:\xampp\htdocs\unidad1_n\pagina_nueva\wp-content\plugins\facebook-for-woocommerce\includes\ProductSets\ProductSetSync.php(139): WC_Facebookcommerce->get_api()
#1 C:\xampp\htdocs\unidad1_n\pagina_nueva\wp-content\plugins\facebook-for-woocommerce\includes\ProductSets\ProductSetSync.php(226): WooCommerce\Facebook\ProductSets\ProductSetSync->get_fb_product_set_id(Object(WP_Term))
#2 C:\xampp\htdocs\unidad1_n\pagina_nueva\wp-content\plugins\facebook-for-woocommerce\includes\ProductSets\ProductSetSync.php(107): WooCommerce\Facebook\ProductSets\ProductSetSync->sync_all_wc_product_categories()
#3 C:\xampp\htdocs\unidad1_n\pagina_nueva\wp-includes\class-wp-hook.php(341): WooCommerce\Facebook\ProductSets\ProductSetSync->sync_all_product_sets()
#4 C:\xampp\htdocs\unidad1_n\pagina_nueva\wp-includes\class-wp-hook.php(365): WP_Hook->apply_filters(NULL, Array)
#5 C:\xampp\htdocs\unidad1_n\pagina_nueva\wp-includes\plugin.php(570): WP_Hook->do_action(Array)
#6 C:\xampp\htdocs\unidad1_n\pagina_nueva\wp-content\plugins\woocommerce\packages\action-scheduler\classes\actions\ActionScheduler_Action.php(86): do_action_ref_array('facebook_for_wo...', Array)
#7 C:\xampp\htdocs\unidad1_n\pagina_nueva\wp-content\plugins\woocommerce\packages\action-scheduler\classes\abstracts\ActionScheduler_Abstract_QueueRunner.php(103): ActionScheduler_Action->execute()
#8 C:\xampp\htdocs\unidad1_n\pagina_nueva\wp-content\plugins\woocommerce\packages\action-scheduler\classes\ActionScheduler_QueueRunner.php(188): ActionScheduler_Abstract_QueueRunner->process_action(49, 'Async Request')
#9 C:\xampp\htdocs\unidad1_n\pagina_nueva\wp-content\plugins\woocommerce\packages\action-scheduler\classes\ActionScheduler_QueueRunner.php(158): ActionScheduler_QueueRunner->do_batch(25, 'Async Request')
#10 C:\xampp\htdocs\unidad1_n\pagina_nueva\wp-includes\class-wp-hook.php(341): ActionScheduler_QueueRunner->run('Async Request')
#11 C:\xampp\htdocs\unidad1_n\pagina_nueva\wp-includes\class-wp-hook.php(365): WP_Hook->apply_filters('', Array)
#12 C:\xampp\htdocs\unidad1_n\pagina_nueva\wp-includes\plugin.php(522): WP_Hook->do_action(Array)
#13 C:\xampp\htdocs\unidad1_n\pagina_nueva\wp-content\plugins\woocommerce\packages\action-scheduler\classes\ActionScheduler_AsyncRequest_QueueRunner.php(48): do_action('action_schedule...', 'Async Request')
#14 C:\xampp\htdocs\unidad1_n\pagina_nueva\wp-content\plugins\woocommerce\includes\libraries\wp-async-request.php(147): ActionScheduler_AsyncRequest_QueueRunner->handle()
#15 C:\xampp\htdocs\unidad1_n\pagina_nueva\wp-includes\class-wp-hook.php(341): WP_Async_Request->maybe_handle('')
#16 C:\xampp\htdocs\unidad1_n\pagina_nueva\wp-includes\class-wp-hook.php(365): WP_Hook->apply_filters('', Array)
#17 C:\xampp\htdocs\unidad1_n\pagina_nueva\wp-includes\plugin.php(522): WP_Hook->do_action(Array)
#18 C:\xampp\htdocs\unidad1_n\pagina_nueva\wp-admin\admin-ajax.php(192): do_action('wp_ajax_as_asyn...')
#19 {main}
2026-02-13T04:22:30+00:00 NOTICE There was an error trying to get product set data in a catalog: No se puede crear la instancia de la API porque falta el token de acceso.
2026-02-13T04:22:30+00:00 ERROR ProductSetSync exception: exception_code : 0; exception_class : WooCommerce\Facebook\Framework\Api\Exception: exception_message : No se puede crear la instancia de la API porque falta el token de acceso.; exception_trace : #0 C:\xampp\htdocs\unidad1_n\pagina_nueva\wp-content\plugins\facebook-for-woocommerce\includes\ProductSets\ProductSetSync.php(139): WC_Facebookcommerce->get_api()
#1 C:\xampp\htdocs\unidad1_n\pagina_nueva\wp-content\plugins\facebook-for-woocommerce\includes\ProductSets\ProductSetSync.php(226): WooCommerce\Facebook\ProductSets\ProductSetSync->get_fb_product_set_id(Object(WP_Term))
#2 C:\xampp\htdocs\unidad1_n\pagina_nueva\wp-content\plugins\facebook-for-woocommerce\includes\ProductSets\ProductSetSync.php(107): WooCommerce\Facebook\ProductSets\ProductSetSync->sync_all_wc_product_categories()
#3 C:\xampp\htdocs\unidad1_n\pagina_nueva\wp-includes\class-wp-hook.php(341): WooCommerce\Facebook\ProductSets\ProductSetSync->sync_all_product_sets()
#4 C:\xampp\htdocs\unidad1_n\pagina_nueva\wp-includes\class-wp-hook.php(365): WP_Hook->apply_filters(NULL, Array)
#5 C:\xampp\htdocs\unidad1_n\pagina_nueva\wp-includes\plugin.php(570): WP_Hook->do_action(Array)
#6 C:\xampp\htdocs\unidad1_n\pagina_nueva\wp-content\plugins\woocommerce\packages\action-scheduler\classes\actions\ActionScheduler_Action.php(86): do_action_ref_array('facebook_for_wo...', Array)
#7 C:\xampp\htdocs\unidad1_n\pagina_nueva\wp-content\plugins\woocommerce\packages\action-scheduler\classes\abstracts\ActionScheduler_Abstract_QueueRunner.php(103): ActionScheduler_Action->execute()
#8 C:\xampp\htdocs\unidad1_n\pagina_nueva\wp-content\plugins\woocommerce\packages\action-scheduler\classes\ActionScheduler_QueueRunner.php(188): ActionScheduler_Abstract_QueueRunner->process_action(49, 'Async Request')
#9 C:\xampp\htdocs\unidad1_n\pagina_nueva\wp-content\plugins\woocommerce\packages\action-scheduler\classes\ActionScheduler_QueueRunner.php(158): ActionScheduler_QueueRunner->do_batch(25, 'Async Request')
#10 C:\xampp\htdocs\unidad1_n\pagina_nueva\wp-includes\class-wp-hook.php(341): ActionScheduler_QueueRunner->run('Async Request')
#11 C:\xampp\htdocs\unidad1_n\pagina_nueva\wp-includes\class-wp-hook.php(365): WP_Hook->apply_filters('', Array)
#12 C:\xampp\htdocs\unidad1_n\pagina_nueva\wp-includes\plugin.php(522): WP_Hook->do_action(Array)
#13 C:\xampp\htdocs\unidad1_n\pagina_nueva\wp-content\plugins\woocommerce\packages\action-scheduler\classes\ActionScheduler_AsyncRequest_QueueRunner.php(48): do_action('action_schedule...', 'Async Request')
#14 C:\xampp\htdocs\unidad1_n\pagina_nueva\wp-content\plugins\woocommerce\includes\libraries\wp-async-request.php(147): ActionScheduler_AsyncRequest_QueueRunner->handle()
#15 C:\xampp\htdocs\unidad1_n\pagina_nueva\wp-includes\class-wp-hook.php(341): WP_Async_Request->maybe_handle('')
#16 C:\xampp\htdocs\unidad1_n\pagina_nueva\wp-includes\class-wp-hook.php(365): WP_Hook->apply_filters('', Array)
#17 C:\xampp\htdocs\unidad1_n\pagina_nueva\wp-includes\plugin.php(522): WP_Hook->do_action(Array)
#18 C:\xampp\htdocs\unidad1_n\pagina_nueva\wp-admin\admin-ajax.php(192): do_action('wp_ajax_as_asyn...')
#19 {main}
2026-02-13T04:22:30+00:00 NOTICE There was an error trying to get product set data in a catalog: No se puede crear la instancia de la API porque falta el token de acceso.
2026-02-13T04:22:30+00:00 ERROR ProductSetSync exception: exception_code : 0; exception_class : WooCommerce\Facebook\Framework\Api\Exception: exception_message : No se puede crear la instancia de la API porque falta el token de acceso.; exception_trace : #0 C:\xampp\htdocs\unidad1_n\pagina_nueva\wp-content\plugins\facebook-for-woocommerce\includes\ProductSets\ProductSetSync.php(139): WC_Facebookcommerce->get_api()
#1 C:\xampp\htdocs\unidad1_n\pagina_nueva\wp-content\plugins\facebook-for-woocommerce\includes\ProductSets\ProductSetSync.php(226): WooCommerce\Facebook\ProductSets\ProductSetSync->get_fb_product_set_id(Object(WP_Term))
#2 C:\xampp\htdocs\unidad1_n\pagina_nueva\wp-content\plugins\facebook-for-woocommerce\includes\ProductSets\ProductSetSync.php(107): WooCommerce\Facebook\ProductSets\ProductSetSync->sync_all_wc_product_categories()
#3 C:\xampp\htdocs\unidad1_n\pagina_nueva\wp-includes\class-wp-hook.php(341): WooCommerce\Facebook\ProductSets\ProductSetSync->sync_all_product_sets()
#4 C:\xampp\htdocs\unidad1_n\pagina_nueva\wp-includes\class-wp-hook.php(365): WP_Hook->apply_filters(NULL, Array)
#5 C:\xampp\htdocs\unidad1_n\pagina_nueva\wp-includes\plugin.php(570): WP_Hook->do_action(Array)
#6 C:\xampp\htdocs\unidad1_n\pagina_nueva\wp-content\plugins\woocommerce\packages\action-scheduler\classes\actions\ActionScheduler_Action.php(86): do_action_ref_array('facebook_for_wo...', Array)
#7 C:\xampp\htdocs\unidad1_n\pagina_nueva\wp-content\plugins\woocommerce\packages\action-scheduler\classes\abstracts\ActionScheduler_Abstract_QueueRunner.php(103): ActionScheduler_Action->execute()
#8 C:\xampp\htdocs\unidad1_n\pagina_nueva\wp-content\plugins\woocommerce\packages\action-scheduler\classes\ActionScheduler_QueueRunner.php(188): ActionScheduler_Abstract_QueueRunner->process_action(49, 'Async Request')
#9 C:\xampp\htdocs\unidad1_n\pagina_nueva\wp-content\plugins\woocommerce\packages\action-scheduler\classes\ActionScheduler_QueueRunner.php(158): ActionScheduler_QueueRunner->do_batch(25, 'Async Request')
#10 C:\xampp\htdocs\unidad1_n\pagina_nueva\wp-includes\class-wp-hook.php(341): ActionScheduler_QueueRunner->run('Async Request')
#11 C:\xampp\htdocs\unidad1_n\pagina_nueva\wp-includes\class-wp-hook.php(365): WP_Hook->apply_filters('', Array)
#12 C:\xampp\htdocs\unidad1_n\pagina_nueva\wp-includes\plugin.php(522): WP_Hook->do_action(Array)
#13 C:\xampp\htdocs\unidad1_n\pagina_nueva\wp-content\plugins\woocommerce\packages\action-scheduler\classes\ActionScheduler_AsyncRequest_QueueRunner.php(48): do_action('action_schedule...', 'Async Request')
#14 C:\xampp\htdocs\unidad1_n\pagina_nueva\wp-content\plugins\woocommerce\includes\libraries\wp-async-request.php(147): ActionScheduler_AsyncRequest_QueueRunner->handle()
#15 C:\xampp\htdocs\unidad1_n\pagina_nueva\wp-includes\class-wp-hook.php(341): WP_Async_Request->maybe_handle('')
#16 C:\xampp\htdocs\unidad1_n\pagina_nueva\wp-includes\class-wp-hook.php(365): WP_Hook->apply_filters('', Array)
#17 C:\xampp\htdocs\unidad1_n\pagina_nueva\wp-includes\plugin.php(522): WP_Hook->do_action(Array)
#18 C:\xampp\htdocs\unidad1_n\pagina_nueva\wp-admin\admin-ajax.php(192): do_action('wp_ajax_as_asyn...')
#19 {main}
2026-02-13T04:22:30+00:00 NOTICE There was an error trying to get product set data in a catalog: No se puede crear la instancia de la API porque falta el token de acceso.
2026-02-13T04:22:30+00:00 ERROR ProductSetSync exception: exception_code : 0; exception_class : WooCommerce\Facebook\Framework\Api\Exception: exception_message : No se puede crear la instancia de la API porque falta el token de acceso.; exception_trace : #0 C:\xampp\htdocs\unidad1_n\pagina_nueva\wp-content\plugins\facebook-for-woocommerce\includes\ProductSets\ProductSetSync.php(139): WC_Facebookcommerce->get_api()
#1 C:\xampp\htdocs\unidad1_n\pagina_nueva\wp-content\plugins\facebook-for-woocommerce\includes\ProductSets\ProductSetSync.php(226): WooCommerce\Facebook\ProductSets\ProductSetSync->get_fb_product_set_id(Object(WP_Term))
#2 C:\xampp\htdocs\unidad1_n\pagina_nueva\wp-content\plugins\facebook-for-woocommerce\includes\ProductSets\ProductSetSync.php(107): WooCommerce\Facebook\ProductSets\ProductSetSync->sync_all_wc_product_categories()
#3 C:\xampp\htdocs\unidad1_n\pagina_nueva\wp-includes\class-wp-hook.php(341): WooCommerce\Facebook\ProductSets\ProductSetSync->sync_all_product_sets()
#4 C:\xampp\htdocs\unidad1_n\pagina_nueva\wp-includes\class-wp-hook.php(365): WP_Hook->apply_filters(NULL, Array)
#5 C:\xampp\htdocs\unidad1_n\pagina_nueva\wp-includes\plugin.php(570): WP_Hook->do_action(Array)
#6 C:\xampp\htdocs\unidad1_n\pagina_nueva\wp-content\plugins\woocommerce\packages\action-scheduler\classes\actions\ActionScheduler_Action.php(86): do_action_ref_array('facebook_for_wo...', Array)
#7 C:\xampp\htdocs\unidad1_n\pagina_nueva\wp-content\plugins\woocommerce\packages\action-scheduler\classes\abstracts\ActionScheduler_Abstract_QueueRunner.php(103): ActionScheduler_Action->execute()
#8 C:\xampp\htdocs\unidad1_n\pagina_nueva\wp-content\plugins\woocommerce\packages\action-scheduler\classes\ActionScheduler_QueueRunner.php(188): ActionScheduler_Abstract_QueueRunner->process_action(49, 'Async Request')
#9 C:\xampp\htdocs\unidad1_n\pagina_nueva\wp-content\plugins\woocommerce\packages\action-scheduler\classes\ActionScheduler_QueueRunner.php(158): ActionScheduler_QueueRunner->do_batch(25, 'Async Request')
#10 C:\xampp\htdocs\unidad1_n\pagina_nueva\wp-includes\class-wp-hook.php(341): ActionScheduler_QueueRunner->run('Async Request')
#11 C:\xampp\htdocs\unidad1_n\pagina_nueva\wp-includes\class-wp-hook.php(365): WP_Hook->apply_filters('', Array)
#12 C:\xampp\htdocs\unidad1_n\pagina_nueva\wp-includes\plugin.php(522): WP_Hook->do_action(Array)
#13 C:\xampp\htdocs\unidad1_n\pagina_nueva\wp-content\plugins\woocommerce\packages\action-scheduler\classes\ActionScheduler_AsyncRequest_QueueRunner.php(48): do_action('action_schedule...', 'Async Request')
#14 C:\xampp\htdocs\unidad1_n\pagina_nueva\wp-content\plugins\woocommerce\includes\libraries\wp-async-request.php(147): ActionScheduler_AsyncRequest_QueueRunner->handle()
#15 C:\xampp\htdocs\unidad1_n\pagina_nueva\wp-includes\class-wp-hook.php(341): WP_Async_Request->maybe_handle('')
#16 C:\xampp\htdocs\unidad1_n\pagina_nueva\wp-includes\class-wp-hook.php(365): WP_Hook->apply_filters('', Array)
#17 C:\xampp\htdocs\unidad1_n\pagina_nueva\wp-includes\plugin.php(522): WP_Hook->do_action(Array)
#18 C:\xampp\htdocs\unidad1_n\pagina_nueva\wp-admin\admin-ajax.php(192): do_action('wp_ajax_as_asyn...')
#19 {main}
2026-02-13T04:22:30+00:00 NOTICE There was an error trying to get product set data in a catalog: No se puede crear la instancia de la API porque falta el token de acceso.
2026-02-13T04:22:30+00:00 ERROR ProductSetSync exception: exception_code : 0; exception_class : WooCommerce\Facebook\Framework\Api\Exception: exception_message : No se puede crear la instancia de la API porque falta el token de acceso.; exception_trace : #0 C:\xampp\htdocs\unidad1_n\pagina_nueva\wp-content\plugins\facebook-for-woocommerce\includes\ProductSets\ProductSetSync.php(139): WC_Facebookcommerce->get_api()
#1 C:\xampp\htdocs\unidad1_n\pagina_nueva\wp-content\plugins\facebook-for-woocommerce\includes\ProductSets\ProductSetSync.php(226): WooCommerce\Facebook\ProductSets\ProductSetSync->get_fb_product_set_id(Object(WP_Term))
#2 C:\xampp\htdocs\unidad1_n\pagina_nueva\wp-content\plugins\facebook-for-woocommerce\includes\ProductSets\ProductSetSync.php(107): WooCommerce\Facebook\ProductSets\ProductSetSync->sync_all_wc_product_categories()
#3 C:\xampp\htdocs\unidad1_n\pagina_nueva\wp-includes\class-wp-hook.php(341): WooCommerce\Facebook\ProductSets\ProductSetSync->sync_all_product_sets()
#4 C:\xampp\htdocs\unidad1_n\pagina_nueva\wp-includes\class-wp-hook.php(365): WP_Hook->apply_filters(NULL, Array)
#5 C:\xampp\htdocs\unidad1_n\pagina_nueva\wp-includes\plugin.php(570): WP_Hook->do_action(Array)
#6 C:\xampp\htdocs\unidad1_n\pagina_nueva\wp-content\plugins\woocommerce\packages\action-scheduler\classes\actions\ActionScheduler_Action.php(86): do_action_ref_array('facebook_for_wo...', Array)
#7 C:\xampp\htdocs\unidad1_n\pagina_nueva\wp-content\plugins\woocommerce\packages\action-scheduler\classes\abstracts\ActionScheduler_Abstract_QueueRunner.php(103): ActionScheduler_Action->execute()
#8 C:\xampp\htdocs\unidad1_n\pagina_nueva\wp-content\plugins\woocommerce\packages\action-scheduler\classes\ActionScheduler_QueueRunner.php(188): ActionScheduler_Abstract_QueueRunner->process_action(49, 'Async Request')
#9 C:\xampp\htdocs\unidad1_n\pagina_nueva\wp-content\plugins\woocommerce\packages\action-scheduler\classes\ActionScheduler_QueueRunner.php(158): ActionScheduler_QueueRunner->do_batch(25, 'Async Request')
#10 C:\xampp\htdocs\unidad1_n\pagina_nueva\wp-includes\class-wp-hook.php(341): ActionScheduler_QueueRunner->run('Async Request')
#11 C:\xampp\htdocs\unidad1_n\pagina_nueva\wp-includes\class-wp-hook.php(365): WP_Hook->apply_filters('', Array)
#12 C:\xampp\htdocs\unidad1_n\pagina_nueva\wp-includes\plugin.php(522): WP_Hook->do_action(Array)
#13 C:\xampp\htdocs\unidad1_n\pagina_nueva\wp-content\plugins\woocommerce\packages\action-scheduler\classes\ActionScheduler_AsyncRequest_QueueRunner.php(48): do_action('action_schedule...', 'Async Request')
#14 C:\xampp\htdocs\unidad1_n\pagina_nueva\wp-content\plugins\woocommerce\includes\libraries\wp-async-request.php(147): ActionScheduler_AsyncRequest_QueueRunner->handle()
#15 C:\xampp\htdocs\unidad1_n\pagina_nueva\wp-includes\class-wp-hook.php(341): WP_Async_Request->maybe_handle('')
#16 C:\xampp\htdocs\unidad1_n\pagina_nueva\wp-includes\class-wp-hook.php(365): WP_Hook->apply_filters('', Array)
#17 C:\xampp\htdocs\unidad1_n\pagina_nueva\wp-includes\plugin.php(522): WP_Hook->do_action(Array)
#18 C:\xampp\htdocs\unidad1_n\pagina_nueva\wp-admin\admin-ajax.php(192): do_action('wp_ajax_as_asyn...')
#19 {main}
2026-02-13T04:22:30+00:00 NOTICE There was an error trying to get product set data in a catalog: No se puede crear la instancia de la API porque falta el token de acceso.
2026-02-13T04:22:30+00:00 ERROR ProductSetSync exception: exception_code : 0; exception_class : WooCommerce\Facebook\Framework\Api\Exception: exception_message : No se puede crear la instancia de la API porque falta el token de acceso.; exception_trace : #0 C:\xampp\htdocs\unidad1_n\pagina_nueva\wp-content\plugins\facebook-for-woocommerce\includes\ProductSets\ProductSetSync.php(139): WC_Facebookcommerce->get_api()
#1 C:\xampp\htdocs\unidad1_n\pagina_nueva\wp-content\plugins\facebook-for-woocommerce\includes\ProductSets\ProductSetSync.php(226): WooCommerce\Facebook\ProductSets\ProductSetSync->get_fb_product_set_id(Object(WP_Term))
#2 C:\xampp\htdocs\unidad1_n\pagina_nueva\wp-content\plugins\facebook-for-woocommerce\includes\ProductSets\ProductSetSync.php(107): WooCommerce\Facebook\ProductSets\ProductSetSync->sync_all_wc_product_categories()
#3 C:\xampp\htdocs\unidad1_n\pagina_nueva\wp-includes\class-wp-hook.php(341): WooCommerce\Facebook\ProductSets\ProductSetSync->sync_all_product_sets()
#4 C:\xampp\htdocs\unidad1_n\pagina_nueva\wp-includes\class-wp-hook.php(365): WP_Hook->apply_filters(NULL, Array)
#5 C:\xampp\htdocs\unidad1_n\pagina_nueva\wp-includes\plugin.php(570): WP_Hook->do_action(Array)
#6 C:\xampp\htdocs\unidad1_n\pagina_nueva\wp-content\plugins\woocommerce\packages\action-scheduler\classes\actions\ActionScheduler_Action.php(86): do_action_ref_array('facebook_for_wo...', Array)
#7 C:\xampp\htdocs\unidad1_n\pagina_nueva\wp-content\plugins\woocommerce\packages\action-scheduler\classes\abstracts\ActionScheduler_Abstract_QueueRunner.php(103): ActionScheduler_Action->execute()
#8 C:\xampp\htdocs\unidad1_n\pagina_nueva\wp-content\plugins\woocommerce\packages\action-scheduler\classes\ActionScheduler_QueueRunner.php(188): ActionScheduler_Abstract_QueueRunner->process_action(49, 'Async Request')
#9 C:\xampp\htdocs\unidad1_n\pagina_nueva\wp-content\plugins\woocommerce\packages\action-scheduler\classes\ActionScheduler_QueueRunner.php(158): ActionScheduler_QueueRunner->do_batch(25, 'Async Request')
#10 C:\xampp\htdocs\unidad1_n\pagina_nueva\wp-includes\class-wp-hook.php(341): ActionScheduler_QueueRunner->run('Async Request')
#11 C:\xampp\htdocs\unidad1_n\pagina_nueva\wp-includes\class-wp-hook.php(365): WP_Hook->apply_filters('', Array)
#12 C:\xampp\htdocs\unidad1_n\pagina_nueva\wp-includes\plugin.php(522): WP_Hook->do_action(Array)
#13 C:\xampp\htdocs\unidad1_n\pagina_nueva\wp-content\plugins\woocommerce\packages\action-scheduler\classes\ActionScheduler_AsyncRequest_QueueRunner.php(48): do_action('action_schedule...', 'Async Request')
#14 C:\xampp\htdocs\unidad1_n\pagina_nueva\wp-content\plugins\woocommerce\includes\libraries\wp-async-request.php(147): ActionScheduler_AsyncRequest_QueueRunner->handle()
#15 C:\xampp\htdocs\unidad1_n\pagina_nueva\wp-includes\class-wp-hook.php(341): WP_Async_Request->maybe_handle('')
#16 C:\xampp\htdocs\unidad1_n\pagina_nueva\wp-includes\class-wp-hook.php(365): WP_Hook->apply_filters('', Array)
#17 C:\xampp\htdocs\unidad1_n\pagina_nueva\wp-includes\plugin.php(522): WP_Hook->do_action(Array)
#18 C:\xampp\htdocs\unidad1_n\pagina_nueva\wp-admin\admin-ajax.php(192): do_action('wp_ajax_as_asyn...')
#19 {main}
2026-02-13T04:22:30+00:00 ERROR Error persisting Meta logs: No se puede crear la instancia de la API porque falta el token de acceso. : []
2026-02-13T04:26:52+00:00 ERROR Error persisting Meta logs: No se puede crear la instancia de la API porque falta el token de acceso. : []
2026-02-13T04:31:47+00:00 ERROR Error persisting Meta logs: No se puede crear la instancia de la API porque falta el token de acceso. : []
2026-02-13T04:36:45+00:00 ERROR Error persisting Meta logs: No se puede crear la instancia de la API porque falta el token de acceso. : []
2026-02-13T04:39:17+00:00 NOTICE There was an error trying to get product set data in a catalog: No se puede crear la instancia de la API porque falta el token de acceso.
2026-02-13T04:39:17+00:00 ERROR ProductSetSync exception: exception_code : 0; exception_class : WooCommerce\Facebook\Framework\Api\Exception: exception_message : No se puede crear la instancia de la API porque falta el token de acceso.; exception_trace : #0 C:\xampp\htdocs\unidad1_n\pagina_nueva\wp-content\plugins\facebook-for-woocommerce\includes\ProductSets\ProductSetSync.php(139): WC_Facebookcommerce->get_api()
#1 C:\xampp\htdocs\unidad1_n\pagina_nueva\wp-content\plugins\facebook-for-woocommerce\includes\ProductSets\ProductSetSync.php(65): WooCommerce\Facebook\ProductSets\ProductSetSync->get_fb_product_set_id(Object(WP_Term))
#2 C:\xampp\htdocs\unidad1_n\pagina_nueva\wp-includes\class-wp-hook.php(341): WooCommerce\Facebook\ProductSets\ProductSetSync->on_create_or_update_product_wc_category_callback(76, 76, Array)
#3 C:\xampp\htdocs\unidad1_n\pagina_nueva\wp-includes\class-wp-hook.php(365): WP_Hook->apply_filters('', Array)
#4 C:\xampp\htdocs\unidad1_n\pagina_nueva\wp-includes\plugin.php(522): WP_Hook->do_action(Array)
#5 C:\xampp\htdocs\unidad1_n\pagina_nueva\wp-includes\taxonomy.php(2697): do_action('create_product_...', 76, 76, Array)
#6 C:\xampp\htdocs\unidad1_n\pagina_nueva\wp-admin\includes\ajax-actions.php(623): wp_insert_term('Ciencia Ficci\xC3\xB3...', 'product_cat', Array)
#7 C:\xampp\htdocs\unidad1_n\pagina_nueva\wp-includes\class-wp-hook.php(341): _wp_ajax_add_hierarchical_term('')
#8 C:\xampp\htdocs\unidad1_n\pagina_nueva\wp-includes\class-wp-hook.php(365): WP_Hook->apply_filters('', Array)
#9 C:\xampp\htdocs\unidad1_n\pagina_nueva\wp-includes\plugin.php(522): WP_Hook->do_action(Array)
#10 C:\xampp\htdocs\unidad1_n\pagina_nueva\wp-admin\admin-ajax.php(192): do_action('wp_ajax_add-pro...')
#11 {main}
2026-02-13T04:41:46+00:00 ERROR Error persisting Meta logs: No se puede crear la instancia de la API porque falta el token de acceso. : []
2026-02-13T04:42:10+00:00 NOTICE Ha habido un error al intentar sincronizar los productos usando la API de catálogos en lotes para la tarea 347b19d89c51602cb3b614377d5e7d66: No se puede crear la instancia de la API porque falta el token de acceso.
2026-02-13T04:48:00+00:00 ERROR Error persisting Meta logs: No se puede crear la instancia de la API porque falta el token de acceso. : []
2026-02-13T04:51:44+00:00 ERROR Error persisting Meta logs: No se puede crear la instancia de la API porque falta el token de acceso. : []
2026-02-13T04:52:40+00:00 NOTICE Ha habido un error al intentar sincronizar los productos usando la API de catálogos en lotes para la tarea 7f97b51df8547d1005da2aa874361832: No se puede crear la instancia de la API porque falta el token de acceso.
2026-02-13T04:57:41+00:00 ERROR Error persisting Meta logs: No se puede crear la instancia de la API porque falta el token de acceso. : []
2026-02-13T04:59:06+00:00 NOTICE Ha habido un error al intentar sincronizar los productos usando la API de catálogos en lotes para la tarea 3685a97f91b89ed75808b0880a5c6c77: No se puede crear la instancia de la API porque falta el token de acceso.
2026-02-13T05:01:49+00:00 ERROR Error persisting Meta logs: No se puede crear la instancia de la API porque falta el token de acceso. : []
2026-02-13T05:07:40+00:00 ERROR Error persisting Meta logs: No se puede crear la instancia de la API porque falta el token de acceso. : []
2026-02-13T05:08:37+00:00 NOTICE Ha habido un error al intentar sincronizar los productos usando la API de catálogos en lotes para la tarea c7ef35a94fe7cf8d0fe5af6372c396a2: No se puede crear la instancia de la API porque falta el token de acceso.
2026-02-13T05:11:44+00:00 NOTICE There was an error trying to get product set data in a catalog: No se puede crear la instancia de la API porque falta el token de acceso.
2026-02-13T05:11:44+00:00 ERROR ProductSetSync exception: exception_code : 0; exception_class : WooCommerce\Facebook\Framework\Api\Exception: exception_message : No se puede crear la instancia de la API porque falta el token de acceso.; exception_trace : #0 C:\xampp\htdocs\unidad1_n\pagina_nueva\wp-content\plugins\facebook-for-woocommerce\includes\ProductSets\ProductSetSync.php(139): WC_Facebookcommerce->get_api()
#1 C:\xampp\htdocs\unidad1_n\pagina_nueva\wp-content\plugins\facebook-for-woocommerce\includes\ProductSets\ProductSetSync.php(65): WooCommerce\Facebook\ProductSets\ProductSetSync->get_fb_product_set_id(Object(WP_Term))
#2 C:\xampp\htdocs\unidad1_n\pagina_nueva\wp-includes\class-wp-hook.php(341): WooCommerce\Facebook\ProductSets\ProductSetSync->on_create_or_update_product_wc_category_callback(77, 77, Array)
#3 C:\xampp\htdocs\unidad1_n\pagina_nueva\wp-includes\class-wp-hook.php(365): WP_Hook->apply_filters('', Array)
#4 C:\xampp\htdocs\unidad1_n\pagina_nueva\wp-includes\plugin.php(522): WP_Hook->do_action(Array)
#5 C:\xampp\htdocs\unidad1_n\pagina_nueva\wp-includes\taxonomy.php(2697): do_action('create_product_...', 77, 77, Array)
#6 C:\xampp\htdocs\unidad1_n\pagina_nueva\wp-admin\includes\ajax-actions.php(623): wp_insert_term('Novela Rom\xC3\xA1nti...', 'product_cat', Array)
#7 C:\xampp\htdocs\unidad1_n\pagina_nueva\wp-includes\class-wp-hook.php(341): _wp_ajax_add_hierarchical_term('')
#8 C:\xampp\htdocs\unidad1_n\pagina_nueva\wp-includes\class-wp-hook.php(365): WP_Hook->apply_filters('', Array)
#9 C:\xampp\htdocs\unidad1_n\pagina_nueva\wp-includes\plugin.php(522): WP_Hook->do_action(Array)
#10 C:\xampp\htdocs\unidad1_n\pagina_nueva\wp-admin\admin-ajax.php(192): do_action('wp_ajax_add-pro...')
#11 {main}
2026-02-13T05:11:46+00:00 ERROR Error persisting Meta logs: No se puede crear la instancia de la API porque falta el token de acceso. : []
2026-02-13T05:12:18+00:00 NOTICE Ha habido un error al intentar sincronizar los productos usando la API de catálogos en lotes para la tarea 19bccc7de7b01ea6922131d7d49d0fed: No se puede crear la instancia de la API porque falta el token de acceso.
2026-02-13T05:16:45+00:00 ERROR Error persisting Meta logs: No se puede crear la instancia de la API porque falta el token de acceso. : []
2026-02-13T05:17:11+00:00 NOTICE Ha habido un error al intentar sincronizar los productos usando la API de catálogos en lotes para la tarea 2dd96ed689a4dbb610d97d9eed9709e2: No se puede crear la instancia de la API porque falta el token de acceso.
2026-02-13T05:22:26+00:00 ERROR Error persisting Meta logs: No se puede crear la instancia de la API porque falta el token de acceso. : []
2026-02-13T05:25:02+00:00 NOTICE Ha habido un error al intentar sincronizar los productos usando la API de catálogos en lotes para la tarea 3fd139a8a9eaf2b9c84ae26dfc13b39b: No se puede crear la instancia de la API porque falta el token de acceso.
2026-02-13T05:28:56+00:00 ERROR Error persisting Meta logs: No se puede crear la instancia de la API porque falta el token de acceso. : []
2026-02-13T05:29:57+00:00 NOTICE Ha habido un error al intentar sincronizar los productos usando la API de catálogos en lotes para la tarea 1f23f481945019f4ef762753a263b5ca: No se puede crear la instancia de la API porque falta el token de acceso.
2026-02-13T05:33:46+00:00 ERROR Error persisting Meta logs: No se puede crear la instancia de la API porque falta el token de acceso. : []
2026-02-13T05:34:47+00:00 NOTICE There was an error trying to get product set data in a catalog: No se puede crear la instancia de la API porque falta el token de acceso.
2026-02-13T05:34:47+00:00 ERROR ProductSetSync exception: exception_code : 0; exception_class : WooCommerce\Facebook\Framework\Api\Exception: exception_message : No se puede crear la instancia de la API porque falta el token de acceso.; exception_trace : #0 C:\xampp\htdocs\unidad1_n\pagina_nueva\wp-content\plugins\facebook-for-woocommerce\includes\ProductSets\ProductSetSync.php(139): WC_Facebookcommerce->get_api()
#1 C:\xampp\htdocs\unidad1_n\pagina_nueva\wp-content\plugins\facebook-for-woocommerce\includes\ProductSets\ProductSetSync.php(65): WooCommerce\Facebook\ProductSets\ProductSetSync->get_fb_product_set_id(Object(WP_Term))
#2 C:\xampp\htdocs\unidad1_n\pagina_nueva\wp-includes\class-wp-hook.php(341): WooCommerce\Facebook\ProductSets\ProductSetSync->on_create_or_update_product_wc_category_callback(78, 78, Array)
#3 C:\xampp\htdocs\unidad1_n\pagina_nueva\wp-includes\class-wp-hook.php(365): WP_Hook->apply_filters('', Array)
#4 C:\xampp\htdocs\unidad1_n\pagina_nueva\wp-includes\plugin.php(522): WP_Hook->do_action(Array)
#5 C:\xampp\htdocs\unidad1_n\pagina_nueva\wp-includes\taxonomy.php(2697): do_action('create_product_...', 78, 78, Array)
#6 C:\xampp\htdocs\unidad1_n\pagina_nueva\wp-admin\includes\ajax-actions.php(623): wp_insert_term('Terror y suspen...', 'product_cat', Array)
#7 C:\xampp\htdocs\unidad1_n\pagina_nueva\wp-includes\class-wp-hook.php(341): _wp_ajax_add_hierarchical_term('')
#8 C:\xampp\htdocs\unidad1_n\pagina_nueva\wp-includes\class-wp-hook.php(365): WP_Hook->apply_filters('', Array)
#9 C:\xampp\htdocs\unidad1_n\pagina_nueva\wp-includes\plugin.php(522): WP_Hook->do_action(Array)
#10 C:\xampp\htdocs\unidad1_n\pagina_nueva\wp-admin\admin-ajax.php(192): do_action('wp_ajax_add-pro...')
#11 {main}
2026-02-13T05:35:03+00:00 NOTICE Ha habido un error al intentar sincronizar los productos usando la API de catálogos en lotes para la tarea c7bf6f2333b2b90b319e93b20f043c75: No se puede crear la instancia de la API porque falta el token de acceso.
2026-02-13T05:37:13+00:00 ERROR Error persisting Meta logs: No se puede crear la instancia de la API porque falta el token de acceso. : []
2026-02-13T05:38:33+00:00 NOTICE Ha habido un error al intentar sincronizar los productos usando la API de catálogos en lotes para la tarea c8cc5c3972f083c7e1117628b62c669d: No se puede crear la instancia de la API porque falta el token de acceso.
2026-02-13T05:41:43+00:00 ERROR Error persisting Meta logs: No se puede crear la instancia de la API porque falta el token de acceso. : []
2026-02-13T05:42:20+00:00 NOTICE Ha habido un error al intentar sincronizar los productos usando la API de catálogos en lotes para la tarea 6b5a0ffde3f4c85c7cd994e96fdc5f1a: No se puede crear la instancia de la API porque falta el token de acceso.
2026-02-13T05:45:46+00:00 NOTICE Ha habido un error al intentar sincronizar los productos usando la API de catálogos en lotes para la tarea 76ba00d4f8076a1d71c77ada1e49af0f: No se puede crear la instancia de la API porque falta el token de acceso.
2026-02-13T05:46:57+00:00 ERROR Error persisting Meta logs: No se puede crear la instancia de la API porque falta el token de acceso. : []
2026-02-13T05:51:24+00:00 ERROR Error persisting Meta logs: No se puede crear la instancia de la API porque falta el token de acceso. : []
2026-02-13T05:51:25+00:00 NOTICE Ha habido un error al intentar sincronizar los productos usando la API de catálogos en lotes para la tarea 786a84ae6ac900574e29cbca8e3ec3eb: No se puede crear la instancia de la API porque falta el token de acceso.
2026-02-13T05:56:26+00:00 NOTICE There was an error trying to get product set data in a catalog: No se puede crear la instancia de la API porque falta el token de acceso.
2026-02-13T05:56:26+00:00 ERROR ProductSetSync exception: exception_code : 0; exception_class : WooCommerce\Facebook\Framework\Api\Exception: exception_message : No se puede crear la instancia de la API porque falta el token de acceso.; exception_trace : #0 C:\xampp\htdocs\unidad1_n\pagina_nueva\wp-content\plugins\facebook-for-woocommerce\includes\ProductSets\ProductSetSync.php(139): WC_Facebookcommerce->get_api()
#1 C:\xampp\htdocs\unidad1_n\pagina_nueva\wp-content\plugins\facebook-for-woocommerce\includes\ProductSets\ProductSetSync.php(65): WooCommerce\Facebook\ProductSets\ProductSetSync->get_fb_product_set_id(Object(WP_Term))
#2 C:\xampp\htdocs\unidad1_n\pagina_nueva\wp-includes\class-wp-hook.php(341): WooCommerce\Facebook\ProductSets\ProductSetSync->on_create_or_update_product_wc_category_callback(79, 79, Array)
#3 C:\xampp\htdocs\unidad1_n\pagina_nueva\wp-includes\class-wp-hook.php(365): WP_Hook->apply_filters('', Array)
#4 C:\xampp\htdocs\unidad1_n\pagina_nueva\wp-includes\plugin.php(522): WP_Hook->do_action(Array)
#5 C:\xampp\htdocs\unidad1_n\pagina_nueva\wp-includes\taxonomy.php(2697): do_action('create_product_...', 79, 79, Array)
#6 C:\xampp\htdocs\unidad1_n\pagina_nueva\wp-admin\includes\ajax-actions.php(623): wp_insert_term('Poes\xC3\xADa', 'product_cat', Array)
#7 C:\xampp\htdocs\unidad1_n\pagina_nueva\wp-includes\class-wp-hook.php(341): _wp_ajax_add_hierarchical_term('')
#8 C:\xampp\htdocs\unidad1_n\pagina_nueva\wp-includes\class-wp-hook.php(365): WP_Hook->apply_filters('', Array)
#9 C:\xampp\htdocs\unidad1_n\pagina_nueva\wp-includes\plugin.php(522): WP_Hook->do_action(Array)
#10 C:\xampp\htdocs\unidad1_n\pagina_nueva\wp-admin\admin-ajax.php(192): do_action('wp_ajax_add-pro...')
#11 {main}
2026-02-13T05:56:35+00:00 NOTICE Ha habido un error al intentar sincronizar los productos usando la API de catálogos en lotes para la tarea 1858fc1f6569b8a91b859998f4bef7c5: No se puede crear la instancia de la API porque falta el token de acceso.
2026-02-13T05:56:37+00:00 ERROR Error persisting Meta logs: No se puede crear la instancia de la API porque falta el token de acceso. : []
2026-02-13T06:01:36+00:00 ERROR Error persisting Meta logs: No se puede crear la instancia de la API porque falta el token de acceso. : []
2026-02-13T06:02:35+00:00 NOTICE Ha habido un error al intentar sincronizar los productos usando la API de catálogos en lotes para la tarea 4d42c5250f31e32edb98cd9b24d4b766: No se puede crear la instancia de la API porque falta el token de acceso.
2026-02-13T06:07:40+00:00 ERROR Error persisting Meta logs: No se puede crear la instancia de la API porque falta el token de acceso. : []
2026-02-13T06:08:59+00:00 NOTICE Ha habido un error al intentar sincronizar los productos usando la API de catálogos en lotes para la tarea 359942a74966ab0c2b518098104bceff: No se puede crear la instancia de la API porque falta el token de acceso.
2026-02-13T06:15:11+00:00 ERROR Error persisting Meta logs: No se puede crear la instancia de la API porque falta el token de acceso. : []
2026-02-13T06:19:13+00:00 ERROR Error persisting Meta logs: No se puede crear la instancia de la API porque falta el token de acceso. : []
2026-02-13T13:30:18+00:00 WARNING Product feed scheduling failed: Integration not configured. : {"flow_name":"product_feed","flow_step":"schedule_feed_generation"}
2026-02-13T13:30:18+00:00 WARNING Language override feed scheduling failed: Integration not configured. : {"flow_name":"language_override_feed","flow_step":"schedule_feed_generation"}
2026-02-13T13:30:19+00:00 ERROR Error persisting error logs: No se puede crear la instancia de la API porque falta el token de acceso. : []
2026-02-13T13:30:19+00:00 ERROR Error persisting Meta logs: No se puede crear la instancia de la API porque falta el token de acceso. : []
2026-02-13T13:30:58+00:00 ERROR Error persisting Meta logs: No se puede crear la instancia de la API porque falta el token de acceso. : []
2026-02-13T13:31:47+00:00 ERROR Error persisting Meta logs: No se puede crear la instancia de la API porque falta el token de acceso. : []
2026-02-13T13:37:45+00:00 ERROR Error persisting Meta logs: No se puede crear la instancia de la API porque falta el token de acceso. : []
2026-02-13T13:41:18+00:00 ERROR Error persisting Meta logs: No se puede crear la instancia de la API porque falta el token de acceso. : []
