2026-02-13T04:31:42+00:00 DEBUG #3658 - [New Request] GET /unidad1_n/pagina_nueva/wp-admin/admin.php
2026-02-13T04:31:42+00:00 DEBUG #3658 - GET https://api.woocommerce.com/integrations/ppc/v1/customer/partners/K8SKZ36LQBWXJ/merchant-integrations/
Response: Array
(
    [code] => 404
    [message] => Not Found
)

Response Body: {"statusCode":404,"error":"Not Found","message":"Not Found"}

2026-02-13T04:31:42+00:00 WARNING #3658 - [Error] Not Found CONTEXT: {"args":{"method":"GET","headers":{"Authorization":"Bearer token","Content-Type":"application/json"}},"response":{"headers":{},"body":"{"statusCode":404,"error":"Not Found","message":"Not Found"}","response":{"code":404,"message":"Not Found"},"cookies":[],"filename":null,"http_response":{"data":null,"headers":null,"status":null}}}
2026-02-13T04:31:48+00:00 DEBUG #2105 - [New Request] GET /unidad1_n/pagina_nueva/index.php/wp-json/wc/v3/wc_paypal/webhooks
2026-02-13T04:31:48+00:00 DEBUG #2105 - GET https://api.woocommerce.com/integrations/ppc/v1/notifications/webhooks
Response: Array
(
    [code] => 404
    [message] => Not Found
)

Response Body: {"statusCode":404,"error":"Not Found","message":"Not Found"}

2026-02-13T04:32:42+00:00 DEBUG #9453 - [New Request] GET /unidad1_n/pagina_nueva/index.php/wp-json/wc/v3/wc_paypal/webhooks
2026-02-13T04:32:42+00:00 DEBUG #9453 - GET https://api.woocommerce.com/integrations/ppc/v1/notifications/webhooks
Response: Array
(
    [code] => 404
    [message] => Not Found
)

Response Body: {"statusCode":404,"error":"Not Found","message":"Not Found"}

2026-02-13T04:34:14+00:00 DEBUG #8254 - [New Request] POST /unidad1_n/pagina_nueva/index.php/wp-json/wc/v3/wc_paypal/login_link
2026-02-13T04:34:14+00:00 INFO #8254 - Generating onboarding URL for: production-express_checkout-usecardpayments
2026-02-13T04:34:15+00:00 DEBUG #8254 - POST https://api.woocommerce.com/integrations/ppc/v2/customer/partner-referrals
Request Body: {"partner_config_override":{"return_url":"http:\/\/localhost\/unidad1_n\/pagina_nueva\/wp-admin\/admin.php?page=wc-settings&tab=checkout&section=ppcp-gateway&ppcpToken=eyJrIjoicHJvZHVjdGlvbi1leHByZXNzX2NoZWNrb3V0LXVzZWNhcmRwYXltZW50cyIsInUiOjEsImgiOiIxMzRjNWY4NDEzMTg2ZTFmZWMwNWFjZmFjNDcwZmE0ZCJ9","return_url_description":"Volver a tu tienda.","show_add_credit_card":true},"products":["PPCP","ADVANCED_VAULTING"],"capabilities":["PAYPAL_WALLET_VAULTING_ADVANCED"],"legal_consents":[{"type":"SHARE_DATA_CONSENT","granted":true}],"operations":[{"operation":"API_INTEGRATION","api_integration_preference":{"rest_api_integration":{"integration_method":"PAYPAL","integration_type":"FIRST_PARTY","first_party_details":{"features":["PAYMENT","REFUND","ADVANCED_TRANSACTIONS_SEARCH","TRACKING_SHIPMENT_READWRITE","BILLING_AGREEMENT","VAULT","FUTURE_PAYMENT"],"seller_nonce":"a1233wtergfsdt4365tzrshgfbaewa36AGa1233wtergfsdt4365tzrshgfbaewa36AG"}}}}]}
Response Debug ID: f61eb47293ea4
Response: Array
(
    [code] => 201
    [message] => Created
)


2026-02-13T04:34:35+00:00 DEBUG #5629 - [New Request] POST /unidad1_n/pagina_nueva/index.php/wp-json/wc/v3/wc_paypal/login_link
2026-02-13T04:34:35+00:00 DEBUG #1134 - [New Request] POST /unidad1_n/pagina_nueva/index.php/wp-json/wc/v3/wc_paypal/login_link
2026-02-13T04:34:35+00:00 DEBUG #5629 - Loaded onboarding URL from cache: production-express_checkout-usecardpayments
2026-02-13T04:34:35+00:00 DEBUG #1134 - Loaded onboarding URL from cache: production-express_checkout-usecardpayments
2026-02-13T04:34:35+00:00 INFO #5629 - Using cached onboarding URL for: production-express_checkout-usecardpayments
2026-02-13T04:34:35+00:00 INFO #1134 - Using cached onboarding URL for: production-express_checkout-usecardpayments
